<?xml version="1.0" encoding="UTF-8"?>
<!-- Generated by org.testng.reporters.JUnitReportReporter -->
<testsuite skipped="0" hostname="DESKTOP-8KHQ57F" name="com.delta.tests.MainPageTest" tests="7" failures="0" timestamp="2020-04-13T21:41:49 EDT" time="-1586828544.000" errors="1">
  <testcase name="departure" time="1.448" classname="com.delta.tests.MainPageTest"/>
  <testcase name="tearDownDriver" time="-1586828544.000" classname="com.delta.tests.MainPageTest">
    <error type="org.testng.TestNGException" message="
Can inject only one of &lt;ITestContext, XmlTest&gt; into a @AfterSuite annotated tearDownDriver.
For more information on native dependency injection please refer to http://testng.org/doc/documentation-main.html#native-dependency-injection">
      <![CDATA[org.testng.TestNGException: 
Can inject only one of <ITestContext, XmlTest> into a @AfterSuite annotated tearDownDriver.
For more information on native dependency injection please refer to http://testng.org/doc/documentation-main.html#native-dependency-injection
at org.testng.internal.Parameters.checkParameterTypes(Parameters.java:458)
at org.testng.internal.Parameters.createParametersForMethod(Parameters.java:372)
at org.testng.internal.Parameters.createParameters(Parameters.java:729)
at org.testng.internal.Parameters.createConfigurationParameters(Parameters.java:164)
at org.testng.internal.ConfigInvoker.invokeConfigurations(ConfigInvoker.java:275)
at org.testng.SuiteRunner.privateRun(SuiteRunner.java:369)
at org.testng.SuiteRunner.run(SuiteRunner.java:304)
at org.testng.SuiteRunnerWorker.runSuite(SuiteRunnerWorker.java:53)
at org.testng.SuiteRunnerWorker.run(SuiteRunnerWorker.java:96)
at org.testng.TestNG.runSuitesSequentially(TestNG.java:1180)
at org.testng.TestNG.runSuitesLocally(TestNG.java:1102)
at org.testng.TestNG.runSuites(TestNG.java:1032)
at org.testng.TestNG.run(TestNG.java:1000)
at org.testng.remote.AbstractRemoteTestNG.run(AbstractRemoteTestNG.java:115)
at org.testng.remote.RemoteTestNG.initAndRun(RemoteTestNG.java:251)
at org.testng.remote.RemoteTestNG.main(RemoteTestNG.java:77)
]]>
    </error>
  </testcase> <!-- tearDownDriver -->
  <testcase name="destination" time="1.172" classname="com.delta.tests.MainPageTest"/>
  <testcase name="departureDate" time="0.883" classname="com.delta.tests.MainPageTest"/>
  <testcase name="returnDate" time="0.567" classname="com.delta.tests.MainPageTest"/>
  <testcase name="passengersQuantity" time="0.718" classname="com.delta.tests.MainPageTest"/>
  <testcase name="submitSutton" time="0.230" classname="com.delta.tests.MainPageTest"/>
</testsuite> <!-- com.delta.tests.MainPageTest -->
